



























































DATE: 01/28/2020                                    ALBIA SOCCER CLUB FUNDRAISER                                            PAGE:  1
COBLSC05                                                  CHAPMAN DIVISION                                                          
                                                            SALES REPORT                                                            

   LAST NAME        FIRST NAME       CITY        STATE ZIP CODE    POP TYPE             QUANTITY      DEPOSIT AMT      TOTAL SALES  

   DANNYJACKSONMAN  MANSONMANJASONE  DES MOINES   IA   50316-0001  COKE                    99           $118.80         $1,971.09   

   DAN              JACK             OTTUMWA      IA   52501-0001  DIET COKE                1             $1.20            $19.91   

   HIGGINS          LISA             ALBIA        IA   52531-0001  MELLO YELLO              3             $3.60            $59.73   

   JACKMAN          LOUIS            IOWA CITY    IA   52242-0001  CHERRY COKE              4             $4.80            $79.64   

   ADAMS            DANIEL           OSKALOOSA    IA   52577-0001  DIET CHERRY COKE         5             $6.00            $99.55   

   OLDMAN           JERRY            AMES         IA   50010-0001  SPRITE                   6             $7.20           $119.46   

   WAYNE            PEPPER           CHICAGO      IL   60654-0001  COKE                     3              $.00            $56.13   

   BENJAMEN         BEN              PETERSBURG   IL   60010-0001  DIET COKE                1              $.00            $18.71   

   ROGERS           SMITH            PEOPLESON    IL   66666-6666  MELLO YELLO              2              $.00            $37.42   

   MICHEAL          ANDERSON         SMALL TOWN   IL   66778-8999  CHERRY COKE             10              $.00           $187.10   

   VANDERSON        ESINER           BIG CITY     IL   60090-0001  DIET CHERRY COKE        25              $.00           $467.75   

   WOOD             JASON            LUCAS        IL   60000-0100  SPRITE                  99              $.00         $1,852.29   

   NICHOLSON        ANDREW           MITERSON     MI   44998-0001  COKE                     5            $12.00           $105.55   

   JACKSON          JACKIE           BUSSY        MI   40404-0001  DIET COKE                6            $14.40           $126.66   

   PETERSON         MICHEAL          DRIVE        MI   40004-0400  MELLO YELLO             10            $24.00           $211.10   

   MITCH            MICHEAL          KELPKEEP     MI   40404-0400  CHERRY COKE             20            $48.00           $422.20   

   MCCONNEL         CORNEL           AVERSON      MI   40004-0004  DIET CHERRY COKE        50           $120.00         $1,055.50   

   MCDEE            MCDONALD         PEPPERSON    MI   44444-4444  SPRITE                  99           $237.60         $2,089.89   

   JACKSON          JACK             KANAS CITY   MO   64131-0301  COKE                    99              $.00         $1,852.29   

   MANSON           MANNY            YORK TOWN    MO   64111-1000  DIET COKE                5              $.00            $93.55   

   MCDONALD         DONALD           CORNEL       MO   64888-8777  MELLO YELLO             99              $.00         $1,852.29   

   PEPSON           PEPPER           GEORGE       MO   64990-0001  CHERRY COKE             88              $.00         $1,646.48   

   GLOVER           FRED             PULK CITY    MO   64889-9001  DIET CHERRY COKE        89              $.00         $1,665.19   

   FREDDY           FREDRICK         HUGE CITY    MO   64123-0001  SPRITE                   1              $.00            $18.71   

   JONESYJONESJONE  BETTYBETBETSONY  NOWHEREVIL   NE   64111-1000  COKE                    99           $118.80         $1,971.09   

   PENELOPE         LILY             OKLAHOMA     NE   68127-0001  DIET COKE               99           $118.80         $1,971.09   



DATE: 01/28/2020                                    ALBIA SOCCER CLUB FUNDRAISER                                            PAGE:  2
COBLSC05                                                  CHAPMAN DIVISION                                                          
                                                            SALES REPORT                                                            

   LAST NAME        FIRST NAME       CITY        STATE ZIP CODE    POP TYPE             QUANTITY      DEPOSIT AMT      TOTAL SALES  

   STEVENS          JOSH             JERSEY       NE   68192-0001  MELLO YELLO              1             $1.20            $19.91   

   STEPHEN          STEVE            JACKSON      NE   68100-0099  CHERRY COKE             80            $96.00         $1,592.80   

   LUKE             JOHN             KIRKWOOD     NE   68100-0100  DIET CHERRY COKE        90           $108.00         $1,791.90   

   LUCAS            JAY              WOODS        NE   68101-0101  SPRITE                   2             $2.40            $39.82   

   JOHNSON          JOHN             MILWAUKEE    WI   53202-0001  COKE                    50            $60.00           $995.50   

   WILSON           NINA             NICHOLVILE   WI   50200-0001  DIET COKE               78            $93.60         $1,552.98   

   NATHAN           NATE             NICOLSON     WI   50200-1001  MELLO YELLO             99           $118.80         $1,971.09   

   NICK             NIKE             TOWNSHED     WI   50110-0010  CHERRY COKE              1             $1.20            $19.91   

   NIKE             NICK             ELKSTOWN     WI   50001-1010  DIET CHERRY COKE         2             $2.40            $39.82   

   KEVIN            MITCH            PETERSON     WI   50010-0100  SPRITE                   1             $1.20            $19.91   

   SMITH            JOHN             FOX TOWN     WI   55555-0001  COKE                     1             $1.20            $19.91   

































DATE: 01/28/2020                                    ALBIA SOCCER CLUB FUNDRAISER                                            PAGE:  3
COBLSC05                                                  CHAPMAN DIVISION                                                          
                                                            SALES REPORT                                                            

   LAST NAME        FIRST NAME       CITY        STATE ZIP CODE    POP TYPE             QUANTITY      DEPOSIT AMT      TOTAL SALES  


GRAND TOTALS:                                                                                                                       

   COKE                 356      DIET COKE            190      MELLO YELLO          214                                             

   CHERRY COKE          203      DIET CHERRY COKE     261      SPRITE               208                                             


TEAM TOTALS:                                                                                                                        

   A       $8,922.74                                                                                                                

   B       $3,684.01                                                                                                                

   C       $5,980.64                                                                                                                

   D       $5,286.90                                                                                                                

   E       $4,239.63                                                                                                                