



























































DATE: 01/06/2020                                        CHAPMAN'S BOAT INC.                                                 PAGE:  1

CUSTOMER                                    BOAT         PURCHASE           ACCESSORY                     PREP                 TOTAL
LAST NAME                                   COST         DATE               PACKAGE                       COST                  COST

BOAT TYPE: JOHN BOAT                                                                                                                
                                                                                                                                    
Johnson                 IA            999,999.99         12/12/19           SKI PACKAGE              99,999.99          1,099,999.98
David                   IA                   .00         12/13/19           SKI PACKAGE                    .00                   .00
John                    MO             12,345.67         12/14/19           ELECTRONICS               1,234.56             13,580.23
Billy                   MO            986,753.09         12/15/19           ELECTRONICS              86,753.09          1,073,506.18
Alexandermanson         MA            900,000.00         12/16/19           FISHING PACKAGE          90,000.00            990,000.00
Bob                     MA            999,999.99         12/17/19           FISHING PACKAGE          99,999.99          1,099,999.98

                       SUBTOTALS FOR JOHN BOAT              NUMBER SOLD:      6                                        $4,277,086.37

BOAT TYPE: BASS BOAT                                                                                                                
                                                                                                                                    
Joesph                  IL            246,810.12         12/12/19           ELECTRONICS              13,570.10            260,380.22
Mannyman                IL            123,456.78         12/13/19           ELECTRONICS              12,345.67            135,802.45
Benjamen                IN             12,345.67         12/14/19           SKI PACKAGE               1,234.56             13,580.23
Ben                     IN            123,456.78         12/15/19           SKI PACKAGE              12,345.67            135,802.45
Bobby                   NE            987,654.32         12/16/19           FISHING PACKAGE          98,765.43          1,086,419.75
Johnny                  NE            999,999.99         12/17/19           FISHING PACKAGE          99,999.99          1,099,999.98

                       SUBTOTALS FOR BASS BOAT              NUMBER SOLD:      6                                        $2,731,985.08

BOAT TYPE: CANOE                                                                                                                    
                                                                                                                                    
Dave                    TX                   .00         12/12/19           ELECTRONICS                    .00                   .00
Joe                     TX            999,999.00         12/13/19           ELECTRONICS              99,999.00          1,099,998.00
Kevin                   IL            999,999.99         12/14/19           SKI PACKAGE              99,999.99          1,099,999.98
Bubba                   IL            987,654.32         12/15/19           SKI PACKAGE              98,765.43          1,086,419.75
Oscar                   IA            123,457.78         12/16/19           FISHING PACKAGE          12,346.67            135,804.45
Manson                  IA            876,543.21         12/17/19           FISHING PACKAGE          76,543.21            953,086.42

                       SUBTOTALS FOR CANOE                  NUMBER SOLD:      6                                        $4,375,308.60

BOAT TYPE: PONTOON                                                                                                                  
                                                                                                                                    
Jeffery                 IN            999,999.99         12/12/19           ELECTRONICS              99,999.99          1,099,999.98
Jetsonalexander         IN            912,345.67         12/13/19           ELECTRONICS              91,234.56          1,003,580.23
Jeff                    MO            987,654.32         12/14/19           SKI PACKAGE              98,765.43          1,086,419.75
Alex                    MO            214,365.87         12/15/19           SKI PACKAGE              89,674.52            304,040.39
Issac                   MA            923,456.78         12/16/19           FISHING PACKAGE          93,456.78          1,016,913.56
Clarke                  MA            934,567.89         12/17/19           FISHING PACKAGE          94,567.89          1,029,135.78

                       SUBTOTALS FOR PONTOON                NUMBER SOLD:      6                                        $5,540,089.69

BOAT TYPE: SKI BOAT                                                                                                                 
                                                                                                                                    
Micheal                 NY            998,877.66         12/12/19           SKI PACKAGE              99,887.76          1,098,765.42
Mike                    NY            999,988.88         12/13/19           SKI PACKAGE              99,988.87          1,099,977.75
Mitch                   NE            999,999.99         12/14/19           ELECTRONICS              99,999.99          1,099,999.98
Tyler                   NE            989,999.99         12/15/19           ELECTRONICS              98,999.99          1,088,999.98
Luke                    IA            989,898.98         12/16/19           FISHING PACKAGE          98,989.89          1,088,888.87




DATE: 01/06/2020                                        CHAPMAN'S BOAT INC.                                                 PAGE:  2

CUSTOMER                                    BOAT         PURCHASE           ACCESSORY                     PREP                 TOTAL
LAST NAME                                   COST         DATE               PACKAGE                       COST                  COST

BOAT TYPE: SKI BOAT                                                                                                                 
                                                                                                                                    
Lucas                   IA            999,999.99         12/17/19           FISHING PACKAGE          99,999.99          1,099,999.98

                       SUBTOTALS FOR SKI BOAT               NUMBER SOLD:      6                                        $6,576,631.98

BOAT TYPE: CABIN CRUSIER                                                                                                            
                                                                                                                                    
Johnluke                WI            989,898.98         12/12/19           ELECTRONICS              98,989.89          1,088,888.87
Alexander               WI            999,999.99         12/13/19           ELECTRONICS              99,999.99          1,099,999.98
Kyle                    IA            978,978.98         12/14/19           SKI PACKAGE              97,879.89          1,076,858.87
Manny                   IA            999,999.99         12/15/19           SKI PACKAGE              99,999.99          1,099,999.98
Nicholas                MO            999,999.88         12/16/19           FISHING PACKAGE          99,999.88          1,099,999.76
Nike                    MO            988,888.99         12/17/19           FISHING PACKAGE          98,888.99          1,087,777.98

                       SUBTOTALS FOR CABIN CRUSIER          NUMBER SOLD:      6                                        $6,553,525.44


                       GRAND TOTALS                         NUMBER SOLD:     36                                       $30,054,627.16