



























































DATE: 01/16/2020                                          PMG MANAGEMENT                                                    PAGE:  1
COBLSC04                                          LAKE OF THE OZARKS - JANUARY                                                      

                                      STAY      NIGHT       CONDO CLEANING  DOCK SLIP                       DEAL          AMOUNT    
CONDOMINIUM      GUEST NAME          NIGHTS       FEE         FEE      FEE        FEE     SUBTOTAL         AMOUNT            DUE    
                                                                                                                                    
HORSESHOE BEND   ALEXANDERJOHNSONMANN  99     $895.50  $88,654.50  $100.00  $9,899.01   $98,653.51    $13,298.18+    $111,951.69****
HORSESHOE BEND   BEN                    0        $.00        $.00  $100.00       $.00      $100.00          $.00+        $100.00    
HORSESHOE BEND   CARL                  30     $497.50  $14,925.00  $100.00    $615.00   $15,640.00     $1,492.50+     $17,132.50****
HORSESHOE BEND   JOESPH                60      $99.50   $5,970.00  $100.00  $3,045.00    $9,115.00       $298.50+      $9,413.50****
OSAGE BEACH      ALEX                  99   $1,692.00 $167,508.00  $150.00  $9,899.01  $177,557.01    $15,058.80+    $192,615.81****
OSAGE BEACH      JOHN                  10     $564.00   $5,640.00  $150.00    $100.10    $5,890.10       $564.00-      $5,326.10****
OSAGE BEACH      WILLIAMS               7     $188.00   $1,316.00  $150.00     $35.00    $1,501.00        $56.40-      $1,444.60****
OSAGE BEACH      RICHARD                0        $.00        $.00  $150.00       $.00      $150.00          $.00+        $150.00    
PISTOL POINT     DANNYMANNYFREDDYFRED  50     $250.00  $12,500.00   $75.00  $4,539.00   $17,114.00          $.00+     $17,114.00****
PISTOL POINT     JAMIE                  1      $50.00      $50.00   $75.00      $1.00      $126.00          $.00+        $126.00    
REGATTA BAY      FRED                  40     $124.20   $4,968.00   $75.00  $3,563.60    $8,606.60        $75.00-      $8,531.60****
REGATTA BAY      MARTHA                 6      $62.10     $372.60   $75.00      $6.00      $453.60        $75.00-        $378.60    
REGATTA BAY      JASON                  1      $62.10      $62.10   $75.00      $3.90      $141.00          $.00+        $141.00    
SHAWNEE BEND     FELIX                 88     $600.00  $52,800.00  $150.00  $3,551.68   $56,501.68     $5,280.00+     $61,781.68****
SHAWNEE BEND     JOHNSON               56     $100.00   $5,600.00  $150.00    $691.04    $6,441.04          $.00+      $6,441.04****
LEDGES           BETTY                  9     $152.70   $1,374.30     $.00      $9.45    $1,383.75          $.00+      $1,383.75****
LEDGES           JESSICA               99     $687.15  $68,027.85     $.00  $9,899.01   $77,926.86     $5,102.09+     $83,028.95****
HARBOUR TOWNE    SUSAN                  3      $25.00      $75.00  $100.00      $6.00      $181.00        $25.00-        $156.00    
HARBOUR TOWNE    JACK                   2     $100.00     $200.00  $100.00     $33.32      $333.32          $.00+        $333.32    
HARBOUR TOWNE    NICHOLSON             99     $225.00  $22,275.00  $100.00  $9,899.01   $32,274.01       $225.00-     $32,049.01****
COMPASSE POINTE  JENNY                  4   $1,000.00   $4,000.00     $.00    $363.60    $4,363.60          $.00+      $4,363.60****
COMPASSE POINTE  PATTY                 31   $1,000.00  $31,000.00     $.00  $3,061.56   $34,061.56     $1,000.00-     $33,061.56****


GRAND TOTALS:                                                                          $548,514.64    $38,509.67+    $587,024.31    

            NUMBER OF RENTALS:  22      FREE NIGHTS:  5.0   FREE CLEANING:  2                                                       
              PET FEES: $32,520.35                   HOT TUB FEES:  $9,833.32                                                       