



























































DATE: 01/08/2020                                        CHAPMAN'S BOAT INC.                                                 PAGE:  1

CUSTOMER                                    BOAT         PURCHASE           ACCESSORY                     PREP                 TOTAL
LAST NAME              STATE                COST         DATE               PACKAGE                       COST                  COST

BOAT TYPE: JOHN BOAT                                                                                                                
                                                                                                                                    
Johnson                 IA            999,999.99         12/12/19           SKI PACKAGE              99,999.99          1,520,018.78
David                   IA                   .00         12/13/19           SKI PACKAGE                    .00              4,218.80

          SUBTOTALS FOR IA           JOHN BOAT              NUMBER SOLD:        2                                      $1,524,237.58
                                                                                                                                    
John                    MA             12,345.67         12/14/19           ELECTRONICS               1,234.56             24,453.78
Billy                   MA            986,753.09         12/15/19           ELECTRONICS              86,753.09          1,488,823.00

          SUBTOTALS FOR MA           JOHN BOAT              NUMBER SOLD:        2                                      $1,513,276.78
                                                                                                                                    
Alexandermanson         MO            900,000.00         12/16/19           FISHING PACKAGE          90,000.00          1,364,586.18
Bob                     MO            999,999.99         12/17/19           FISHING PACKAGE          99,999.99          1,516,166.16

          SUBTOTALS FOR MO           JOHN BOAT              NUMBER SOLD:        2                                      $2,880,752.34
                                                                                                                                    
          SUBTOTALS FOR              JOHN BOAT              NUMBER SOLD:        6                                      $5,918,266.70

BOAT TYPE: BASS BOAT                                                                                                                
                                                                                                                                    
Joesph                  IL            246,810.12         11/01/19           ELECTRONICS              13,570.10            368,077.43
Mannyman                IL            123,456.78         11/02/19           ELECTRONICS              12,345.67            192,876.00

          SUBTOTALS FOR IL           BASS BOAT              NUMBER SOLD:        2                                        $560,953.43
                                                                                                                                    
Benjamen                IN             12,345.67         11/03/19           SKI PACKAGE               1,234.56             22,932.36
Ben                     IN            123,456.78         10/04/18           SKI PACKAGE              12,345.67            191,354.58

          SUBTOTALS FOR IN           BASS BOAT              NUMBER SOLD:        2                                        $214,286.94
                                                                                                                                    
Bobby                   NE            987,654.32         10/05/18           FISHING PACKAGE          98,765.43          1,497,452.60
Johnny                  NE            999,999.99         10/06/18           FISHING PACKAGE          99,999.99          1,516,166.16

          SUBTOTALS FOR NE           BASS BOAT              NUMBER SOLD:        2                                      $3,013,618.76
                                                                                                                                    
          SUBTOTALS FOR              BASS BOAT              NUMBER SOLD:        6                                      $3,788,859.13

BOAT TYPE: CANOE                                                                                                                    
                                                                                                                                    
Dave                    IA                   .00         12/12/19           ELECTRONICS                    .00              5,740.22
Joe                     IA            999,999.00         12/13/19           ELECTRONICS              99,999.00          1,383,737.89

          SUBTOTALS FOR IA           CANOE                  NUMBER SOLD:        2                                      $1,389,478.11
                                                                                                                                    
Kevin                   IL            999,999.99         12/14/19           ELECTRONICS              99,999.99          1,383,740.20
Bubba                   IL            987,654.32         12/15/19           SKI PACKAGE              98,765.43          1,365,206.45
Oscar                   IL            123,457.78         12/16/19           SKI PACKAGE              12,346.67            174,344.57

          SUBTOTALS FOR IL           CANOE                  NUMBER SOLD:        3                                      $2,923,291.22
                                                                                                                                    
Manson                  TX            876,543.21         12/17/19           FISHING PACKAGE          76,543.21          1,196,464.94



DATE: 01/08/2020                                        CHAPMAN'S BOAT INC.                                                 PAGE:  2

CUSTOMER                                    BOAT         PURCHASE           ACCESSORY                     PREP                 TOTAL
LAST NAME              STATE                COST         DATE               PACKAGE                       COST                  COST

BOAT TYPE: CANOE                                                                                                                    
                                                                                                                                    
Boyega                  TX                500.00         12/18/19           FISHING PACKAGE              50.00              1,055.18

          SUBTOTALS FOR TX           CANOE                  NUMBER SOLD:        2                                      $1,197,520.12
                                                                                                                                    
          SUBTOTALS FOR              CANOE                  NUMBER SOLD:        7                                      $5,510,289.45

BOAT TYPE: PONTOON                                                                                                                  
                                                                                                                                    
Jeffery                 IN            999,999.99         12/12/19           ELECTRONICS              99,999.99          1,436,740.20
Jetsonalexander         IN            912,345.67         12/13/19           ELECTRONICS              91,234.56          1,311,306.87

          SUBTOTALS FOR IN           PONTOON                NUMBER SOLD:        2                                      $2,748,047.07
                                                                                                                                    
Jeff                    MA            987,654.32         12/14/19           SKI PACKAGE              98,765.43          1,417,552.13
Alex                    MA            214,365.87         12/15/19           SKI PACKAGE              89,674.52            383,308.57

          SUBTOTALS FOR MA           PONTOON                NUMBER SOLD:        2                                      $1,800,860.70
                                                                                                                                    
Issac                   MO            923,456.78         12/16/19           FISHING PACKAGE          93,456.78          1,323,010.60
Clarke                  MO            934,567.89         12/17/19           FISHING PACKAGE          94,567.89          1,338,910.59

          SUBTOTALS FOR MO           PONTOON                NUMBER SOLD:        2                                      $2,661,921.19
                                                                                                                                    
          SUBTOTALS FOR              PONTOON                NUMBER SOLD:        6                                      $7,210,828.96

BOAT TYPE: SKI BOAT                                                                                                                 
                                                                                                                                    
Luke                    IA            989,898.98         12/12/19           FISHING PACKAGE          98,989.89          1,600,537.87
Lucas                   IA            999,999.99         12/13/19           FISHING PACKAGE          99,999.99          1,616,866.16

          SUBTOTALS FOR IA           SKI BOAT               NUMBER SOLD:        2                                      $3,217,404.03
                                                                                                                                    
Micheal                 NE            998,877.66         12/14/19           SKI PACKAGE              99,887.76          1,618,904.54
Mike                    NE            999,988.88         12/15/19           SKI PACKAGE              99,988.87          1,620,690.20

          SUBTOTALS FOR NE           SKI BOAT               NUMBER SOLD:        2                                      $3,239,594.74
                                                                                                                                    
Mitch                   NY            999,999.99         12/16/19           ELECTRONICS              99,999.99          1,622,240.20
Tyler                   NY            989,999.99         12/17/19           ELECTRONICS              98,999.99          1,606,075.20

          SUBTOTALS FOR NY           SKI BOAT               NUMBER SOLD:        2                                      $3,228,315.40
                                                                                                                                    
          SUBTOTALS FOR              SKI BOAT               NUMBER SOLD:        6                                      $9,685,314.17

BOAT TYPE: CABIN CRUSIER                                                                                                            
                                                                                                                                    
Johnluke                IA            989,898.98         12/12/19           ELECTRONICS              98,989.89          1,474,750.29
Alexander               IA            999,999.99         12/13/19           ELECTRONICS              99,999.99          1,489,740.20

          SUBTOTALS FOR IA           CABIN CRUSIER          NUMBER SOLD:        2                                      $2,964,490.49



DATE: 01/08/2020                                        CHAPMAN'S BOAT INC.                                                 PAGE:  3

CUSTOMER                                    BOAT         PURCHASE           ACCESSORY                     PREP                 TOTAL
LAST NAME              STATE                COST         DATE               PACKAGE                       COST                  COST

BOAT TYPE: CABIN CRUSIER                                                                                                            
                                                                                                                                    
                                                                                                                                    
Kyle                    MO            978,978.98         12/14/19           SKI PACKAGE              97,879.89          1,457,004.51
Manny                   MO            999,999.99         12/15/19           SKI PACKAGE              99,999.99          1,488,218.78

          SUBTOTALS FOR MO           CABIN CRUSIER          NUMBER SOLD:        2                                      $2,945,223.29
                                                                                                                                    
Nicholas                WI            999,999.88         12/16/19           FISHING PACKAGE          99,999.88          1,484,365.88
Nike                    WI            988,888.99         12/17/19           FISHING PACKAGE          98,888.99          1,467,877.54
Nick                    WI              8,777.88         12/18/19           FISHING PACKAGE             877.88             13,392.64

          SUBTOTALS FOR WI           CABIN CRUSIER          NUMBER SOLD:        3                                      $2,965,636.06
                                                                                                                                    
          SUBTOTALS FOR              CABIN CRUSIER          NUMBER SOLD:        7                                      $8,875,349.84


                       GRAND TOTALS                        NUMBER SOLD:       38                                      $40,988,908.25